Build started 12/01/2021 09:06:18 م.
     1>Project "c:\Users\moham\OneDrive\documents\visual studio 2010\Projects\Assignment 1\Assignment 1\Assignment 1.vcxproj" on node 2 (build target(s)).
     1>InitializeBuildStatus:
         Creating "Debug\Assignment 1.unsuccessfulbuild" because "AlwaysCreate" was specified.
       ClCompile:
         C:\Program Files (x86)\Microsoft Visual Studio 10.0\VC\bin\CL.exe /c /ZI /nologo /W3 /WX- /Od /Oy- /D WIN32 /D _DEBUG /D _CONSOLE /D _UNICODE /D UNICODE /Gm /EHsc /RTC1 /MDd /GS /fp:precise /Zc:wchar_t /Zc:forScope /Fo"Debug\\" /Fd"Debug\vc100.pdb" /Gd /TP /analyze- /errorReport:prompt "Vector Multiplication.cpp"
         Vector Multiplication.cpp
     1>c:\users\moham\onedrive\documents\visual studio 2010\projects\assignment 1\assignment 1\vector multiplication.cpp(7): warning C4101: 'i' : unreferenced local variable
       ManifestResourceCompile:
         All outputs are up-to-date.
       Link:
         C:\Program Files (x86)\Microsoft Visual Studio 10.0\VC\bin\link.exe /ERRORREPORT:PROMPT /OUT:"c:\users\moham\onedrive\documents\visual studio 2010\Projects\Assignment 1\Debug\Assignment 1.exe" /INCREMENTAL /NOLOGO kernel32.lib user32.lib gdi32.lib winspool.lib comdlg32.lib advapi32.lib shell32.lib ole32.lib oleaut32.lib uuid.lib odbc32.lib odbccp32.lib /MANIFEST /ManifestFile:"Debug\Assignment 1.exe.intermediate.manifest" /MANIFESTUAC:"level='asInvoker' uiAccess='false'" /DEBUG /PDB:"c:\users\moham\onedrive\documents\visual studio 2010\Projects\Assignment 1\Debug\Assignment 1.pdb" /SUBSYSTEM:CONSOLE /TLBID:1 /DYNAMICBASE /NXCOMPAT /IMPLIB:"c:\users\moham\onedrive\documents\visual studio 2010\Projects\Assignment 1\Debug\Assignment 1.lib" /MACHINE:X86 "Debug\Assignment 1.exe.embed.manifest.res"
         "Debug\Vector Multiplication.obj"
       Manifest:
         C:\Program Files (x86)\Microsoft SDKs\Windows\v7.0A\bin\mt.exe /nologo /verbose /out:"Debug\Assignment 1.exe.embed.manifest" /manifest "Debug\Assignment 1.exe.intermediate.manifest"
         All outputs are up-to-date.
       LinkEmbedManifest:
         All outputs are up-to-date.
         Assignment 1.vcxproj -> c:\users\moham\onedrive\documents\visual studio 2010\Projects\Assignment 1\Debug\Assignment 1.exe
       FinalizeBuildStatus:
         Deleting file "Debug\Assignment 1.unsuccessfulbuild".
         Touching "Debug\Assignment 1.lastbuildstate".
     1>Done Building Project "c:\Users\moham\OneDrive\documents\visual studio 2010\Projects\Assignment 1\Assignment 1\Assignment 1.vcxproj" (build target(s)).

Build succeeded.

Time Elapsed 00:00:00.98
